<?xml version="1.0" encoding="UTF-8"?>
<!-- Generated by org.testng.reporters.JUnitReportReporter -->
<testsuite hostname="DESKTOP-MD06342" failures="0" tests="1" name="SelTestn.SelTestn.second" time="5.860" errors="0" timestamp="2024-07-06T21:23:11 IST" skipped="0">
  <testcase classname="SelTestn.SelTestn.second" name="datasear" time="5.860"/>
</testsuite> <!-- SelTestn.SelTestn.second -->
