<?xml version="1.0" encoding="UTF-8"?>
<!-- Generated by org.testng.reporters.JUnitReportReporter -->
<testsuite hostname="DESKTOP-MD06342" failures="0" tests="2" name="SelTestn.SelTestn.First" time="0.039" errors="0" timestamp="2024-07-06T19:31:56 IST" skipped="0">
  <testcase classname="SelTestn.SelTestn.First" name="test1" time="0.011"/>
  <testcase classname="SelTestn.SelTestn.First" name="test2" time="0.028"/>
</testsuite> <!-- SelTestn.SelTestn.First -->
