<?xml version="1.0" encoding="UTF-8"?>
<!-- Generated by org.testng.reporters.JUnitReportReporter -->
<testsuite hostname="DESKTOP-MD06342" failures="0" tests="6" name="Demo.Orange" time="23.052" errors="0" timestamp="2024-07-26T21:24:04 IST" skipped="5">
  <testcase classname="Demo.Orange" name="deleteEmployee" time="23.052"/>
  <testcase classname="Demo.Orange" name="loginWithInavlidCredential">
    <skipped/>
  </testcase> <!-- loginWithInavlidCredential -->
  <testcase classname="Demo.Orange" name="searchEmployee">
    <skipped/>
  </testcase> <!-- searchEmployee -->
  <testcase classname="Demo.Orange" name="searchbyEid">
    <skipped/>
  </testcase> <!-- searchbyEid -->
  <testcase classname="Demo.Orange" name="loginTestWithValid">
    <skipped/>
  </testcase> <!-- loginTestWithValid -->
  <testcase classname="Demo.Orange" name="addEmployee">
    <skipped/>
  </testcase> <!-- addEmployee -->
</testsuite> <!-- Demo.Orange -->
